
12월 28, 2021 14:29:31.25 NEW SESSION
12월 28, 2021 14:29:31.26 [6816:8184:1228/142931.258:ERROR:chrome_browser_main_extra_parts_metrics.cc(226)] crbug.com/1216328: Checking Bluetooth availability started. Please report if there is no report that this ends.
12월 28, 2021 14:29:31.26 [6816:8184:1228/142931.258:ERROR:chrome_browser_main_extra_parts_metrics.cc(229)] crbug.com/1216328: Checking Bluetooth availability ended.
12월 28, 2021 14:29:31.26 [6816:8184:1228/142931.258:ERROR:chrome_browser_main_extra_parts_metrics.cc(232)] crbug.com/1216328: Checking default browser status started. Please report if there is no report that this ends.
12월 28, 2021 14:29:31.26 [6816:8184:1228/142931.260:ERROR:chrome_browser_main_extra_parts_metrics.cc(236)] crbug.com/1216328: Checking default browser status ended.
12월 28, 2021 14:29:31.26 [6816:8024:1228/142931.265:ERROR:device_event_log_impl.cc(214)] [14:29:31.265] Bluetooth: bluetooth_adapter_winrt.cc:1075 Getting Default Adapter failed.
12월 28, 2021 14:33:52.92 [6420:3932:1228/143352.927:ERROR:chrome_browser_main_extra_parts_metrics.cc(226)] crbug.com/1216328: Checking Bluetooth availability started. Please report if there is no report that this ends.
12월 28, 2021 14:33:52.92 [6420:3932:1228/143352.927:ERROR:chrome_browser_main_extra_parts_metrics.cc(229)] crbug.com/1216328: Checking Bluetooth availability ended.
12월 28, 2021 14:33:52.92 [6420:3932:1228/143352.927:ERROR:chrome_browser_main_extra_parts_metrics.cc(232)] crbug.com/1216328: Checking default browser status started. Please report if there is no report that this ends.
12월 28, 2021 14:33:52.92 [6420:3932:1228/143352.928:ERROR:chrome_browser_main_extra_parts_metrics.cc(236)] crbug.com/1216328: Checking default browser status ended.
12월 28, 2021 14:33:52.93 [6420:2888:1228/143352.934:ERROR:device_event_log_impl.cc(214)] [14:33:52.934] Bluetooth: bluetooth_adapter_winrt.cc:1075 Getting Default Adapter failed.

12월 30, 2021 09:30:07.65 NEW SESSION
12월 30, 2021 09:30:07.65 [5056:4136:1230/093007.652:ERROR:chrome_browser_main_extra_parts_metrics.cc(226)] crbug.com/1216328: Checking Bluetooth availability started. Please report if there is no report that this ends.
12월 30, 2021 09:30:07.65 [5056:4136:1230/093007.652:ERROR:chrome_browser_main_extra_parts_metrics.cc(229)] crbug.com/1216328: Checking Bluetooth availability ended.
12월 30, 2021 09:30:07.65 [5056:4136:1230/093007.652:ERROR:chrome_browser_main_extra_parts_metrics.cc(232)] crbug.com/1216328: Checking default browser status started. Please report if there is no report that this ends.
12월 30, 2021 09:30:07.65 [5056:4136:1230/093007.654:ERROR:chrome_browser_main_extra_parts_metrics.cc(236)] crbug.com/1216328: Checking default browser status ended.
12월 30, 2021 09:30:07.66 [5056:6952:1230/093007.667:ERROR:device_event_log_impl.cc(214)] [09:30:07.667] Bluetooth: bluetooth_adapter_winrt.cc:1075 Getting Default Adapter failed.

1월 03, 2022 14:11:15.03 NEW SESSION
1월 03, 2022 14:11:15.03 [100:2212:0103/141115.034:ERROR:chrome_browser_main_extra_parts_metrics.cc(226)] crbug.com/1216328: Checking Bluetooth availability started. Please report if there is no report that this ends.
1월 03, 2022 14:11:15.04 [100:2212:0103/141115.034:ERROR:chrome_browser_main_extra_parts_metrics.cc(229)] crbug.com/1216328: Checking Bluetooth availability ended.
1월 03, 2022 14:11:15.04 [100:2212:0103/141115.034:ERROR:chrome_browser_main_extra_parts_metrics.cc(232)] crbug.com/1216328: Checking default browser status started. Please report if there is no report that this ends.
1월 03, 2022 14:11:15.04 [100:2212:0103/141115.037:ERROR:chrome_browser_main_extra_parts_metrics.cc(236)] crbug.com/1216328: Checking default browser status ended.
1월 03, 2022 14:11:15.04 [100:3412:0103/141115.043:ERROR:device_event_log_impl.cc(214)] [14:11:15.043] Bluetooth: bluetooth_adapter_winrt.cc:1075 Getting Default Adapter failed.

1월 04, 2022 15:49:48.93 NEW SESSION
1월 04, 2022 15:49:48.93 [7192:4972:0104/154948.931:ERROR:chrome_browser_main_extra_parts_metrics.cc(226)] crbug.com/1216328: Checking Bluetooth availability started. Please report if there is no report that this ends.
1월 04, 2022 15:49:48.94 [7192:4972:0104/154948.931:ERROR:chrome_browser_main_extra_parts_metrics.cc(229)] crbug.com/1216328: Checking Bluetooth availability ended.
1월 04, 2022 15:49:48.94 [7192:4972:0104/154948.931:ERROR:chrome_browser_main_extra_parts_metrics.cc(232)] crbug.com/1216328: Checking default browser status started. Please report if there is no report that this ends.
1월 04, 2022 15:49:48.94 [7192:4972:0104/154948.932:ERROR:chrome_browser_main_extra_parts_metrics.cc(236)] crbug.com/1216328: Checking default browser status ended.
1월 04, 2022 15:49:48.94 [7192:8636:0104/154948.940:ERROR:device_event_log_impl.cc(214)] [15:49:48.940] Bluetooth: bluetooth_adapter_winrt.cc:1075 Getting Default Adapter failed.

1월 05, 2022 14:20:06.22 NEW SESSION
1월 05, 2022 14:20:06.22 [5836:9664:0105/142006.223:ERROR:chrome_browser_main_extra_parts_metrics.cc(226)] crbug.com/1216328: Checking Bluetooth availability started. Please report if there is no report that this ends.
1월 05, 2022 14:20:06.23 [5836:9664:0105/142006.223:ERROR:chrome_browser_main_extra_parts_metrics.cc(229)] crbug.com/1216328: Checking Bluetooth availability ended.
1월 05, 2022 14:20:06.23 [5836:9664:0105/142006.223:ERROR:chrome_browser_main_extra_parts_metrics.cc(232)] crbug.com/1216328: Checking default browser status started. Please report if there is no report that this ends.
1월 05, 2022 14:20:06.24 [5836:9664:0105/142006.225:ERROR:chrome_browser_main_extra_parts_metrics.cc(236)] crbug.com/1216328: Checking default browser status ended.
1월 05, 2022 14:20:06.24 [5836:8948:0105/142006.231:ERROR:device_event_log_impl.cc(214)] [14:20:06.230] Bluetooth: bluetooth_adapter_winrt.cc:1075 Getting Default Adapter failed.

1월 06, 2022 14:14:57.61 NEW SESSION
1월 06, 2022 14:14:57.61 [7368:7560:0106/141457.609:ERROR:chrome_browser_main_extra_parts_metrics.cc(226)] crbug.com/1216328: Checking Bluetooth availability started. Please report if there is no report that this ends.
1월 06, 2022 14:14:57.62 [7368:7560:0106/141457.609:ERROR:chrome_browser_main_extra_parts_metrics.cc(229)] crbug.com/1216328: Checking Bluetooth availability ended.
1월 06, 2022 14:14:57.62 [7368:7560:0106/141457.609:ERROR:chrome_browser_main_extra_parts_metrics.cc(232)] crbug.com/1216328: Checking default browser status started. Please report if there is no report that this ends.
1월 06, 2022 14:14:57.62 [7368:7560:0106/141457.612:ERROR:chrome_browser_main_extra_parts_metrics.cc(236)] crbug.com/1216328: Checking default browser status ended.
1월 06, 2022 14:14:57.63 [7368:6636:0106/141457.618:ERROR:device_event_log_impl.cc(214)] [14:14:57.619] Bluetooth: bluetooth_adapter_winrt.cc:1075 Getting Default Adapter failed.
1월 06, 2022 16:36:02.75 [8856:8460:0106/163602.750:ERROR:chrome_browser_main_extra_parts_metrics.cc(226)] crbug.com/1216328: Checking Bluetooth availability started. Please report if there is no report that this ends.
1월 06, 2022 16:36:02.75 [8856:8460:0106/163602.750:ERROR:chrome_browser_main_extra_parts_metrics.cc(229)] crbug.com/1216328: Checking Bluetooth availability ended.
1월 06, 2022 16:36:02.75 [8856:8460:0106/163602.750:ERROR:chrome_browser_main_extra_parts_metrics.cc(232)] crbug.com/1216328: Checking default browser status started. Please report if there is no report that this ends.
1월 06, 2022 16:36:02.75 [8856:8460:0106/163602.752:ERROR:chrome_browser_main_extra_parts_metrics.cc(236)] crbug.com/1216328: Checking default browser status ended.
1월 06, 2022 16:36:02.75 [8856:9436:0106/163602.758:ERROR:device_event_log_impl.cc(214)] [16:36:02.758] Bluetooth: bluetooth_adapter_winrt.cc:1075 Getting Default Adapter failed.

1월 07, 2022 15:12:55.36 NEW SESSION
1월 07, 2022 15:12:55.36 [5712:7900:0107/151255.365:ERROR:chrome_browser_main_extra_parts_metrics.cc(226)] crbug.com/1216328: Checking Bluetooth availability started. Please report if there is no report that this ends.
1월 07, 2022 15:12:55.37 [5712:7900:0107/151255.365:ERROR:chrome_browser_main_extra_parts_metrics.cc(229)] crbug.com/1216328: Checking Bluetooth availability ended.
1월 07, 2022 15:12:55.37 [5712:7900:0107/151255.365:ERROR:chrome_browser_main_extra_parts_metrics.cc(232)] crbug.com/1216328: Checking default browser status started. Please report if there is no report that this ends.
1월 07, 2022 15:12:55.37 [5712:7900:0107/151255.368:ERROR:chrome_browser_main_extra_parts_metrics.cc(236)] crbug.com/1216328: Checking default browser status ended.
1월 07, 2022 15:12:55.37 [5712:2016:0107/151255.374:ERROR:device_event_log_impl.cc(214)] [15:12:55.374] Bluetooth: bluetooth_adapter_winrt.cc:1075 Getting Default Adapter failed.
1월 07, 2022 15:39:32.73 [4512:5980:0107/153932.739:ERROR:chrome_browser_main_extra_parts_metrics.cc(226)] crbug.com/1216328: Checking Bluetooth availability started. Please report if there is no report that this ends.
1월 07, 2022 15:39:32.74 [4512:5980:0107/153932.739:ERROR:chrome_browser_main_extra_parts_metrics.cc(229)] crbug.com/1216328: Checking Bluetooth availability ended.
1월 07, 2022 15:39:32.74 [4512:5980:0107/153932.739:ERROR:chrome_browser_main_extra_parts_metrics.cc(232)] crbug.com/1216328: Checking default browser status started. Please report if there is no report that this ends.
1월 07, 2022 15:39:32.74 [4512:5980:0107/153932.742:ERROR:chrome_browser_main_extra_parts_metrics.cc(236)] crbug.com/1216328: Checking default browser status ended.
1월 07, 2022 15:39:32.74 [4512:6184:0107/153932.747:ERROR:device_event_log_impl.cc(214)] [15:39:32.747] Bluetooth: bluetooth_adapter_winrt.cc:1075 Getting Default Adapter failed.

1월 10, 2022 11:52:50.50 NEW SESSION
1월 10, 2022 11:52:50.50 [4688:2952:0110/115250.499:ERROR:chrome_browser_main_extra_parts_metrics.cc(226)] crbug.com/1216328: Checking Bluetooth availability started. Please report if there is no report that this ends.
1월 10, 2022 11:52:50.51 [4688:2952:0110/115250.499:ERROR:chrome_browser_main_extra_parts_metrics.cc(229)] crbug.com/1216328: Checking Bluetooth availability ended.
1월 10, 2022 11:52:50.51 [4688:2952:0110/115250.499:ERROR:chrome_browser_main_extra_parts_metrics.cc(232)] crbug.com/1216328: Checking default browser status started. Please report if there is no report that this ends.
1월 10, 2022 11:52:50.51 [4688:2952:0110/115250.501:ERROR:chrome_browser_main_extra_parts_metrics.cc(236)] crbug.com/1216328: Checking default browser status ended.
1월 10, 2022 11:52:50.52 [4688:5216:0110/115250.508:ERROR:device_event_log_impl.cc(214)] [11:52:50.508] Bluetooth: bluetooth_adapter_winrt.cc:1075 Getting Default Adapter failed.

1월 11, 2022 09:37:41.10 NEW SESSION
1월 11, 2022 09:37:41.10 [1608:7968:0111/093741.103:ERROR:chrome_browser_main_extra_parts_metrics.cc(226)] crbug.com/1216328: Checking Bluetooth availability started. Please report if there is no report that this ends.
1월 11, 2022 09:37:41.11 [1608:7968:0111/093741.103:ERROR:chrome_browser_main_extra_parts_metrics.cc(229)] crbug.com/1216328: Checking Bluetooth availability ended.
1월 11, 2022 09:37:41.11 [1608:7968:0111/093741.103:ERROR:chrome_browser_main_extra_parts_metrics.cc(232)] crbug.com/1216328: Checking default browser status started. Please report if there is no report that this ends.
1월 11, 2022 09:37:41.11 [1608:7968:0111/093741.105:ERROR:chrome_browser_main_extra_parts_metrics.cc(236)] crbug.com/1216328: Checking default browser status ended.
1월 11, 2022 09:37:41.12 [1608:4944:0111/093741.114:ERROR:device_event_log_impl.cc(214)] [09:37:41.114] Bluetooth: bluetooth_adapter_winrt.cc:1075 Getting Default Adapter failed.

1월 11, 2022 09:51:35.97 NEW SESSION
1월 11, 2022 09:51:35.97 [1476:9164:0111/095135.974:ERROR:chrome_browser_main_extra_parts_metrics.cc(226)] crbug.com/1216328: Checking Bluetooth availability started. Please report if there is no report that this ends.
1월 11, 2022 09:51:35.98 [1476:9164:0111/095135.974:ERROR:chrome_browser_main_extra_parts_metrics.cc(229)] crbug.com/1216328: Checking Bluetooth availability ended.
1월 11, 2022 09:51:35.98 [1476:9164:0111/095135.974:ERROR:chrome_browser_main_extra_parts_metrics.cc(232)] crbug.com/1216328: Checking default browser status started. Please report if there is no report that this ends.
1월 11, 2022 09:51:35.98 [1476:9164:0111/095135.975:ERROR:chrome_browser_main_extra_parts_metrics.cc(236)] crbug.com/1216328: Checking default browser status ended.
1월 11, 2022 09:51:36.00 [1476:1472:0111/095136.004:ERROR:device_event_log_impl.cc(214)] [09:51:36.004] Bluetooth: bluetooth_adapter_winrt.cc:1075 Getting Default Adapter failed.
1월 11, 2022 12:33:56.16 [10036:1700:0111/123356.160:ERROR:chrome_browser_main_extra_parts_metrics.cc(226)] crbug.com/1216328: Checking Bluetooth availability started. Please report if there is no report that this ends.
1월 11, 2022 12:33:56.16 [10036:1700:0111/123356.160:ERROR:chrome_browser_main_extra_parts_metrics.cc(229)] crbug.com/1216328: Checking Bluetooth availability ended.
1월 11, 2022 12:33:56.16 [10036:1700:0111/123356.160:ERROR:chrome_browser_main_extra_parts_metrics.cc(232)] crbug.com/1216328: Checking default browser status started. Please report if there is no report that this ends.
1월 11, 2022 12:33:56.16 [10036:1700:0111/123356.162:ERROR:chrome_browser_main_extra_parts_metrics.cc(236)] crbug.com/1216328: Checking default browser status ended.
1월 11, 2022 12:33:56.18 [10036:7484:0111/123356.169:ERROR:device_event_log_impl.cc(214)] [12:33:56.170] Bluetooth: bluetooth_adapter_winrt.cc:1075 Getting Default Adapter failed.
1월 11, 2022 12:40:16.42 [8580:5092:0111/124016.429:ERROR:chrome_browser_main_extra_parts_metrics.cc(226)] crbug.com/1216328: Checking Bluetooth availability started. Please report if there is no report that this ends.
1월 11, 2022 12:40:16.42 [8580:5092:0111/124016.429:ERROR:chrome_browser_main_extra_parts_metrics.cc(229)] crbug.com/1216328: Checking Bluetooth availability ended.
1월 11, 2022 12:40:16.42 [8580:5092:0111/124016.429:ERROR:chrome_browser_main_extra_parts_metrics.cc(232)] crbug.com/1216328: Checking default browser status started. Please report if there is no report that this ends.
1월 11, 2022 12:40:16.43 [8580:5092:0111/124016.431:ERROR:chrome_browser_main_extra_parts_metrics.cc(236)] crbug.com/1216328: Checking default browser status ended.
1월 11, 2022 12:40:16.43 [8580:4796:0111/124016.437:ERROR:device_event_log_impl.cc(214)] [12:40:16.437] Bluetooth: bluetooth_adapter_winrt.cc:1075 Getting Default Adapter failed.
1월 11, 2022 16:29:23.75 [8580:4796:0111/162923.757:ERROR:device_event_log_impl.cc(214)] [16:29:23.757] USB: usb_service_win.cc:261 Failed to get device driver name: 요소가 없습니다. (0x490)

1월 12, 2022 09:32:20.18 NEW SESSION
1월 12, 2022 09:32:20.18 [6644:1852:0112/093220.181:ERROR:chrome_browser_main_extra_parts_metrics.cc(226)] crbug.com/1216328: Checking Bluetooth availability started. Please report if there is no report that this ends.
1월 12, 2022 09:32:20.18 [6644:1852:0112/093220.181:ERROR:chrome_browser_main_extra_parts_metrics.cc(229)] crbug.com/1216328: Checking Bluetooth availability ended.
1월 12, 2022 09:32:20.18 [6644:1852:0112/093220.181:ERROR:chrome_browser_main_extra_parts_metrics.cc(232)] crbug.com/1216328: Checking default browser status started. Please report if there is no report that this ends.
1월 12, 2022 09:32:20.18 [6644:1852:0112/093220.182:ERROR:chrome_browser_main_extra_parts_metrics.cc(236)] crbug.com/1216328: Checking default browser status ended.
1월 12, 2022 09:32:20.28 [6644:2592:0112/093220.282:ERROR:device_event_log_impl.cc(214)] [09:32:20.282] Bluetooth: bluetooth_adapter_winrt.cc:1075 Getting Default Adapter failed.
1월 12, 2022 09:39:46.48 [8100:5604:0112/093946.482:ERROR:chrome_browser_main_extra_parts_metrics.cc(226)] crbug.com/1216328: Checking Bluetooth availability started. Please report if there is no report that this ends.
1월 12, 2022 09:39:46.48 [8100:5604:0112/093946.482:ERROR:chrome_browser_main_extra_parts_metrics.cc(229)] crbug.com/1216328: Checking Bluetooth availability ended.
1월 12, 2022 09:39:46.48 [8100:5604:0112/093946.482:ERROR:chrome_browser_main_extra_parts_metrics.cc(232)] crbug.com/1216328: Checking default browser status started. Please report if there is no report that this ends.
1월 12, 2022 09:39:46.48 [8100:5604:0112/093946.486:ERROR:chrome_browser_main_extra_parts_metrics.cc(236)] crbug.com/1216328: Checking default browser status ended.
1월 12, 2022 09:39:46.50 [8100:5784:0112/093946.500:ERROR:device_event_log_impl.cc(214)] [09:39:46.500] Bluetooth: bluetooth_adapter_winrt.cc:1075 Getting Default Adapter failed.
1월 12, 2022 10:25:43.06 [9392:4548:0112/102543.068:ERROR:chrome_browser_main_extra_parts_metrics.cc(226)] crbug.com/1216328: Checking Bluetooth availability started. Please report if there is no report that this ends.
1월 12, 2022 10:25:43.06 [9392:4548:0112/102543.068:ERROR:chrome_browser_main_extra_parts_metrics.cc(229)] crbug.com/1216328: Checking Bluetooth availability ended.
1월 12, 2022 10:25:43.07 [9392:4548:0112/102543.068:ERROR:chrome_browser_main_extra_parts_metrics.cc(232)] crbug.com/1216328: Checking default browser status started. Please report if there is no report that this ends.
1월 12, 2022 10:25:43.07 [9392:4548:0112/102543.072:ERROR:chrome_browser_main_extra_parts_metrics.cc(236)] crbug.com/1216328: Checking default browser status ended.
1월 12, 2022 10:25:43.07 [9392:2336:0112/102543.079:ERROR:device_event_log_impl.cc(214)] [10:25:43.079] Bluetooth: bluetooth_adapter_winrt.cc:1075 Getting Default Adapter failed.
1월 12, 2022 11:41:17.25 [9220:4308:0112/114117.253:ERROR:chrome_browser_main_extra_parts_metrics.cc(226)] crbug.com/1216328: Checking Bluetooth availability started. Please report if there is no report that this ends.
1월 12, 2022 11:41:17.25 [9220:4308:0112/114117.253:ERROR:chrome_browser_main_extra_parts_metrics.cc(229)] crbug.com/1216328: Checking Bluetooth availability ended.
1월 12, 2022 11:41:17.25 [9220:4308:0112/114117.253:ERROR:chrome_browser_main_extra_parts_metrics.cc(232)] crbug.com/1216328: Checking default browser status started. Please report if there is no report that this ends.
1월 12, 2022 11:41:17.25 [9220:4308:0112/114117.254:ERROR:chrome_browser_main_extra_parts_metrics.cc(236)] crbug.com/1216328: Checking default browser status ended.
1월 12, 2022 11:41:17.28 [9220:9728:0112/114117.283:ERROR:device_event_log_impl.cc(214)] [11:41:17.282] Bluetooth: bluetooth_adapter_winrt.cc:1075 Getting Default Adapter failed.
1월 12, 2022 14:26:40.01 [9220:9728:0112/142640.016:ERROR:interface_endpoint_client.cc(658)] Message 0 rejected by interface blink.mojom.WidgetHost
1월 12, 2022 14:26:51.14 [9220:9728:0112/142651.148:ERROR:interface_endpoint_client.cc(658)] Message 0 rejected by interface blink.mojom.WidgetHost
1월 12, 2022 15:54:02.81 [6704:1152:0112/155402.811:ERROR:chrome_browser_main_extra_parts_metrics.cc(226)] crbug.com/1216328: Checking Bluetooth availability started. Please report if there is no report that this ends.
1월 12, 2022 15:54:02.81 [6704:1152:0112/155402.811:ERROR:chrome_browser_main_extra_parts_metrics.cc(229)] crbug.com/1216328: Checking Bluetooth availability ended.
1월 12, 2022 15:54:02.81 [6704:1152:0112/155402.811:ERROR:chrome_browser_main_extra_parts_metrics.cc(232)] crbug.com/1216328: Checking default browser status started. Please report if there is no report that this ends.
1월 12, 2022 15:54:02.81 [6704:1152:0112/155402.813:ERROR:chrome_browser_main_extra_parts_metrics.cc(236)] crbug.com/1216328: Checking default browser status ended.
1월 12, 2022 15:54:02.82 [6704:3124:0112/155402.820:ERROR:device_event_log_impl.cc(214)] [15:54:02.820] Bluetooth: bluetooth_adapter_winrt.cc:1075 Getting Default Adapter failed.

1월 13, 2022 10:26:40.56 NEW SESSION
1월 13, 2022 10:26:40.56 [988:7292:0113/102640.560:ERROR:chrome_browser_main_extra_parts_metrics.cc(226)] crbug.com/1216328: Checking Bluetooth availability started. Please report if there is no report that this ends.
1월 13, 2022 10:26:40.57 [988:7292:0113/102640.560:ERROR:chrome_browser_main_extra_parts_metrics.cc(229)] crbug.com/1216328: Checking Bluetooth availability ended.
1월 13, 2022 10:26:40.57 [988:7292:0113/102640.560:ERROR:chrome_browser_main_extra_parts_metrics.cc(232)] crbug.com/1216328: Checking default browser status started. Please report if there is no report that this ends.
1월 13, 2022 10:26:40.57 [988:7292:0113/102640.564:ERROR:chrome_browser_main_extra_parts_metrics.cc(236)] crbug.com/1216328: Checking default browser status ended.
1월 13, 2022 10:26:40.59 [988:8992:0113/102640.571:ERROR:device_event_log_impl.cc(214)] [10:26:40.570] Bluetooth: bluetooth_adapter_winrt.cc:1075 Getting Default Adapter failed.

1월 14, 2022 09:32:16.86 NEW SESSION
1월 14, 2022 09:32:16.86 [8008:1864:0114/093216.866:ERROR:chrome_browser_main_extra_parts_metrics.cc(227)] START: ReportBluetoothAvailability(). If you don't see the END: message, this is crbug.com/1216328.
1월 14, 2022 09:32:16.87 [8008:1864:0114/093216.866:ERROR:chrome_browser_main_extra_parts_metrics.cc(230)] END: ReportBluetoothAvailability()
1월 14, 2022 09:32:16.87 [8008:1864:0114/093216.866:ERROR:chrome_browser_main_extra_parts_metrics.cc(235)] START: GetDefaultBrowser(). If you don't see the END: message, this is crbug.com/1216328.
1월 14, 2022 09:32:16.89 [8008:1864:0114/093216.869:ERROR:chrome_browser_main_extra_parts_metrics.cc(239)] END: GetDefaultBrowser()
1월 14, 2022 09:32:16.89 [8008:5180:0114/093216.880:ERROR:device_event_log_impl.cc(214)] [09:32:16.879] Bluetooth: bluetooth_adapter_winrt.cc:1075 Getting Default Adapter failed.

1월 18, 2022 09:28:14.05 NEW SESSION
1월 18, 2022 09:28:14.05 [7888:8384:0118/092814.057:ERROR:chrome_browser_main_extra_parts_metrics.cc(227)] START: ReportBluetoothAvailability(). If you don't see the END: message, this is crbug.com/1216328.
1월 18, 2022 09:28:14.06 [7888:8384:0118/092814.057:ERROR:chrome_browser_main_extra_parts_metrics.cc(230)] END: ReportBluetoothAvailability()
1월 18, 2022 09:28:14.06 [7888:8384:0118/092814.057:ERROR:chrome_browser_main_extra_parts_metrics.cc(235)] START: GetDefaultBrowser(). If you don't see the END: message, this is crbug.com/1216328.
1월 18, 2022 09:28:14.06 [7888:8384:0118/092814.058:ERROR:chrome_browser_main_extra_parts_metrics.cc(239)] END: GetDefaultBrowser()
1월 18, 2022 09:28:14.10 [7888:7316:0118/092814.100:ERROR:device_event_log_impl.cc(214)] [09:28:14.101] Bluetooth: bluetooth_adapter_winrt.cc:1075 Getting Default Adapter failed.
1월 18, 2022 11:50:52.60 [3584:252:0118/115052.604:ERROR:chrome_browser_main_extra_parts_metrics.cc(227)] START: ReportBluetoothAvailability(). If you don't see the END: message, this is crbug.com/1216328.
1월 18, 2022 11:50:52.60 [3584:252:0118/115052.604:ERROR:chrome_browser_main_extra_parts_metrics.cc(230)] END: ReportBluetoothAvailability()
1월 18, 2022 11:50:52.60 [3584:252:0118/115052.604:ERROR:chrome_browser_main_extra_parts_metrics.cc(235)] START: GetDefaultBrowser(). If you don't see the END: message, this is crbug.com/1216328.
1월 18, 2022 11:50:52.60 [3584:252:0118/115052.607:ERROR:chrome_browser_main_extra_parts_metrics.cc(239)] END: GetDefaultBrowser()
1월 18, 2022 11:50:52.61 [3584:4544:0118/115052.617:ERROR:device_event_log_impl.cc(214)] [11:50:52.617] Bluetooth: bluetooth_adapter_winrt.cc:1075 Getting Default Adapter failed.

1월 18, 2022 12:46:43.00 NEW SESSION
1월 18, 2022 12:46:43.00 [3284:7536:0118/124642.999:ERROR:chrome_browser_main_extra_parts_metrics.cc(227)] START: ReportBluetoothAvailability(). If you don't see the END: message, this is crbug.com/1216328.
1월 18, 2022 12:46:43.00 [3284:7536:0118/124642.999:ERROR:chrome_browser_main_extra_parts_metrics.cc(230)] END: ReportBluetoothAvailability()
1월 18, 2022 12:46:43.00 [3284:7536:0118/124642.999:ERROR:chrome_browser_main_extra_parts_metrics.cc(235)] START: GetDefaultBrowser(). If you don't see the END: message, this is crbug.com/1216328.
1월 18, 2022 12:46:43.00 [3284:7536:0118/124643.000:ERROR:chrome_browser_main_extra_parts_metrics.cc(239)] END: GetDefaultBrowser()
1월 18, 2022 12:46:43.00 [3284:10208:0118/124643.007:ERROR:device_event_log_impl.cc(214)] [12:46:43.007] Bluetooth: bluetooth_adapter_winrt.cc:1075 Getting Default Adapter failed.

1월 19, 2022 09:29:23.78 NEW SESSION
1월 19, 2022 09:29:23.78 [8260:6128:0119/092923.779:ERROR:chrome_browser_main_extra_parts_metrics.cc(227)] START: ReportBluetoothAvailability(). If you don't see the END: message, this is crbug.com/1216328.
1월 19, 2022 09:29:23.79 [8260:6128:0119/092923.779:ERROR:chrome_browser_main_extra_parts_metrics.cc(230)] END: ReportBluetoothAvailability()
1월 19, 2022 09:29:23.79 [8260:6128:0119/092923.779:ERROR:chrome_browser_main_extra_parts_metrics.cc(235)] START: GetDefaultBrowser(). If you don't see the END: message, this is crbug.com/1216328.
1월 19, 2022 09:29:23.79 [8260:6128:0119/092923.781:ERROR:chrome_browser_main_extra_parts_metrics.cc(239)] END: GetDefaultBrowser()
1월 19, 2022 09:29:23.79 [8260:9004:0119/092923.798:ERROR:device_event_log_impl.cc(214)] [09:29:23.798] Bluetooth: bluetooth_adapter_winrt.cc:1075 Getting Default Adapter failed.
1월 19, 2022 11:55:43.55 [10760:5020:0119/115543.555:ERROR:chrome_browser_main_extra_parts_metrics.cc(227)] START: ReportBluetoothAvailability(). If you don't see the END: message, this is crbug.com/1216328.
1월 19, 2022 11:55:43.55 [10760:5020:0119/115543.555:ERROR:chrome_browser_main_extra_parts_metrics.cc(230)] END: ReportBluetoothAvailability()
1월 19, 2022 11:55:43.55 [10760:5020:0119/115543.555:ERROR:chrome_browser_main_extra_parts_metrics.cc(235)] START: GetDefaultBrowser(). If you don't see the END: message, this is crbug.com/1216328.
1월 19, 2022 11:55:43.55 [10760:5020:0119/115543.556:ERROR:chrome_browser_main_extra_parts_metrics.cc(239)] END: GetDefaultBrowser()
1월 19, 2022 11:55:43.56 [10760:9000:0119/115543.566:ERROR:device_event_log_impl.cc(214)] [11:55:43.567] Bluetooth: bluetooth_adapter_winrt.cc:1075 Getting Default Adapter failed.
1월 19, 2022 13:05:56.98 [7356:10148:0119/130556.984:ERROR:chrome_browser_main_extra_parts_metrics.cc(227)] START: ReportBluetoothAvailability(). If you don't see the END: message, this is crbug.com/1216328.
1월 19, 2022 13:05:56.98 [7356:10148:0119/130556.984:ERROR:chrome_browser_main_extra_parts_metrics.cc(230)] END: ReportBluetoothAvailability()
1월 19, 2022 13:05:56.98 [7356:10148:0119/130556.984:ERROR:chrome_browser_main_extra_parts_metrics.cc(235)] START: GetDefaultBrowser(). If you don't see the END: message, this is crbug.com/1216328.
1월 19, 2022 13:05:56.98 [7356:10148:0119/130556.986:ERROR:chrome_browser_main_extra_parts_metrics.cc(239)] END: GetDefaultBrowser()
1월 19, 2022 13:05:56.99 [7356:4352:0119/130556.993:ERROR:device_event_log_impl.cc(214)] [13:05:56.993] Bluetooth: bluetooth_adapter_winrt.cc:1075 Getting Default Adapter failed.

1월 20, 2022 10:24:02.72 NEW SESSION
1월 20, 2022 10:24:02.72 [8892:5628:0120/102402.718:ERROR:chrome_browser_main_extra_parts_metrics.cc(227)] START: ReportBluetoothAvailability(). If you don't see the END: message, this is crbug.com/1216328.
1월 20, 2022 10:24:02.72 [8892:5628:0120/102402.718:ERROR:chrome_browser_main_extra_parts_metrics.cc(230)] END: ReportBluetoothAvailability()
1월 20, 2022 10:24:02.72 [8892:5628:0120/102402.718:ERROR:chrome_browser_main_extra_parts_metrics.cc(235)] START: GetDefaultBrowser(). If you don't see the END: message, this is crbug.com/1216328.
1월 20, 2022 10:24:02.72 [8892:5628:0120/102402.719:ERROR:chrome_browser_main_extra_parts_metrics.cc(239)] END: GetDefaultBrowser()
1월 20, 2022 10:24:02.75 [8892:7616:0120/102402.757:ERROR:device_event_log_impl.cc(214)] [10:24:02.757] Bluetooth: bluetooth_adapter_winrt.cc:1075 Getting Default Adapter failed.

1월 21, 2022 10:31:13.27 NEW SESSION
1월 21, 2022 10:31:13.27 [8788:5132:0121/103113.270:ERROR:chrome_browser_main_extra_parts_metrics.cc(227)] START: ReportBluetoothAvailability(). If you don't see the END: message, this is crbug.com/1216328.
1월 21, 2022 10:31:13.28 [8788:5132:0121/103113.270:ERROR:chrome_browser_main_extra_parts_metrics.cc(230)] END: ReportBluetoothAvailability()
1월 21, 2022 10:31:13.28 [8788:5132:0121/103113.270:ERROR:chrome_browser_main_extra_parts_metrics.cc(235)] START: GetDefaultBrowser(). If you don't see the END: message, this is crbug.com/1216328.
1월 21, 2022 10:31:13.28 [8788:5132:0121/103113.273:ERROR:chrome_browser_main_extra_parts_metrics.cc(239)] END: GetDefaultBrowser()
1월 21, 2022 10:31:13.28 [8788:132:0121/103113.280:ERROR:device_event_log_impl.cc(214)] [10:31:13.280] Bluetooth: bluetooth_adapter_winrt.cc:1075 Getting Default Adapter failed.
1월 21, 2022 12:33:40.88 [8788:132:0121/123340.886:ERROR:device_event_log_impl.cc(214)] [12:33:40.886] USB: usb_service_win.cc:261 Failed to get device driver name: 요소가 없습니다. (0x490)
1월 21, 2022 12:49:06.68 [3560:2144:0121/124906.681:ERROR:chrome_browser_main_extra_parts_metrics.cc(227)] START: ReportBluetoothAvailability(). If you don't see the END: message, this is crbug.com/1216328.
1월 21, 2022 12:49:06.68 [3560:2144:0121/124906.681:ERROR:chrome_browser_main_extra_parts_metrics.cc(230)] END: ReportBluetoothAvailability()
1월 21, 2022 12:49:06.68 [3560:2144:0121/124906.681:ERROR:chrome_browser_main_extra_parts_metrics.cc(235)] START: GetDefaultBrowser(). If you don't see the END: message, this is crbug.com/1216328.
1월 21, 2022 12:49:06.68 [3560:2144:0121/124906.684:ERROR:chrome_browser_main_extra_parts_metrics.cc(239)] END: GetDefaultBrowser()
1월 21, 2022 12:49:06.69 [3560:3024:0121/124906.692:ERROR:device_event_log_impl.cc(214)] [12:49:06.691] Bluetooth: bluetooth_adapter_winrt.cc:1075 Getting Default Adapter failed.

1월 25, 2022 14:24:17.83 NEW SESSION
1월 25, 2022 14:24:17.83 [6208:4880:0125/142417.833:ERROR:chrome_browser_main_extra_parts_metrics.cc(227)] START: ReportBluetoothAvailability(). If you don't see the END: message, this is crbug.com/1216328.
1월 25, 2022 14:24:17.84 [6208:4880:0125/142417.833:ERROR:chrome_browser_main_extra_parts_metrics.cc(230)] END: ReportBluetoothAvailability()
1월 25, 2022 14:24:17.84 [6208:4880:0125/142417.833:ERROR:chrome_browser_main_extra_parts_metrics.cc(235)] START: GetDefaultBrowser(). If you don't see the END: message, this is crbug.com/1216328.
1월 25, 2022 14:24:17.84 [6208:4880:0125/142417.834:ERROR:chrome_browser_main_extra_parts_metrics.cc(239)] END: GetDefaultBrowser()
1월 25, 2022 14:24:17.84 [6208:4072:0125/142417.842:ERROR:device_event_log_impl.cc(214)] [14:24:17.842] Bluetooth: bluetooth_adapter_winrt.cc:1075 Getting Default Adapter failed.
1월 25, 2022 15:23:59.35 [6768:252:0125/152359.353:ERROR:chrome_browser_main_extra_parts_metrics.cc(227)] START: ReportBluetoothAvailability(). If you don't see the END: message, this is crbug.com/1216328.
1월 25, 2022 15:23:59.35 [6768:252:0125/152359.353:ERROR:chrome_browser_main_extra_parts_metrics.cc(230)] END: ReportBluetoothAvailability()
1월 25, 2022 15:23:59.35 [6768:252:0125/152359.353:ERROR:chrome_browser_main_extra_parts_metrics.cc(235)] START: GetDefaultBrowser(). If you don't see the END: message, this is crbug.com/1216328.
1월 25, 2022 15:23:59.35 [6768:252:0125/152359.355:ERROR:chrome_browser_main_extra_parts_metrics.cc(239)] END: GetDefaultBrowser()
1월 25, 2022 15:23:59.36 [6768:6188:0125/152359.362:ERROR:device_event_log_impl.cc(214)] [15:23:59.361] Bluetooth: bluetooth_adapter_winrt.cc:1075 Getting Default Adapter failed.
1월 25, 2022 16:28:43.89 [3440:3040:0125/162843.894:ERROR:chrome_browser_main_extra_parts_metrics.cc(227)] START: ReportBluetoothAvailability(). If you don't see the END: message, this is crbug.com/1216328.
1월 25, 2022 16:28:43.89 [3440:3040:0125/162843.895:ERROR:chrome_browser_main_extra_parts_metrics.cc(230)] END: ReportBluetoothAvailability()
1월 25, 2022 16:28:43.89 [3440:3040:0125/162843.895:ERROR:chrome_browser_main_extra_parts_metrics.cc(235)] START: GetDefaultBrowser(). If you don't see the END: message, this is crbug.com/1216328.
1월 25, 2022 16:28:43.89 [3440:3040:0125/162843.896:ERROR:chrome_browser_main_extra_parts_metrics.cc(239)] END: GetDefaultBrowser()
1월 25, 2022 16:28:43.90 [3440:1148:0125/162843.903:ERROR:device_event_log_impl.cc(214)] [16:28:43.903] Bluetooth: bluetooth_adapter_winrt.cc:1075 Getting Default Adapter failed.

1월 26, 2022 14:17:42.83 NEW SESSION
1월 26, 2022 14:17:42.83 [4580:6504:0126/141742.829:ERROR:chrome_browser_main_extra_parts_metrics.cc(227)] START: ReportBluetoothAvailability(). If you don't see the END: message, this is crbug.com/1216328.
1월 26, 2022 14:17:42.84 [4580:6504:0126/141742.829:ERROR:chrome_browser_main_extra_parts_metrics.cc(230)] END: ReportBluetoothAvailability()
1월 26, 2022 14:17:42.84 [4580:6504:0126/141742.829:ERROR:chrome_browser_main_extra_parts_metrics.cc(235)] START: GetDefaultBrowser(). If you don't see the END: message, this is crbug.com/1216328.
1월 26, 2022 14:17:42.84 [4580:6504:0126/141742.830:ERROR:chrome_browser_main_extra_parts_metrics.cc(239)] END: GetDefaultBrowser()
1월 26, 2022 14:17:42.85 [4580:9284:0126/141742.838:ERROR:device_event_log_impl.cc(214)] [14:17:42.837] Bluetooth: bluetooth_adapter_winrt.cc:1075 Getting Default Adapter failed.
1월 26, 2022 17:45:47.00 [4580:8452:0126/174547.006:ERROR:database.cc(1773)] History SQLite error: code 1555 errno 0: UNIQUE constraint failed: context_annotations.visit_id sql: INSERT INTO context_annotations( visit_id,context_annotation_flags,duration_since_last_visit,page_end_reason,total_foreground_duration )VALUES(?,?,?,?,?)
1월 26, 2022 17:45:47.00 [4580:8452:0126/174547.007:ERROR:database.cc(1773)] History SQLite error: code 1555 errno 0: UNIQUE constraint failed: context_annotations.visit_id sql: INSERT INTO context_annotations( visit_id,context_annotation_flags,duration_since_last_visit,page_end_reason,total_foreground_duration )VALUES(?,?,?,?,?)
1월 26, 2022 17:45:47.00 [4580:4636:0126/174547.008:ERROR:database.cc(1773)] History SQLite error: code 1555 errno 0: UNIQUE constraint failed: context_annotations.visit_id sql: INSERT INTO context_annotations( visit_id,context_annotation_flags,duration_since_last_visit,page_end_reason,total_foreground_duration )VALUES(?,?,?,?,?)
1월 26, 2022 17:45:47.00 [4580:8452:0126/174547.008:ERROR:database.cc(1773)] History SQLite error: code 1555 errno 0: UNIQUE constraint failed: context_annotations.visit_id sql: INSERT INTO context_annotations( visit_id,context_annotation_flags,duration_since_last_visit,page_end_reason,total_foreground_duration )VALUES(?,?,?,?,?)

1월 27, 2022 14:18:52.03 NEW SESSION
1월 27, 2022 14:18:52.03 [1104:3272:0127/141852.035:ERROR:chrome_browser_main_extra_parts_metrics.cc(227)] START: ReportBluetoothAvailability(). If you don't see the END: message, this is crbug.com/1216328.
1월 27, 2022 14:18:52.04 [1104:3272:0127/141852.035:ERROR:chrome_browser_main_extra_parts_metrics.cc(230)] END: ReportBluetoothAvailability()
1월 27, 2022 14:18:52.04 [1104:3272:0127/141852.035:ERROR:chrome_browser_main_extra_parts_metrics.cc(235)] START: GetDefaultBrowser(). If you don't see the END: message, this is crbug.com/1216328.
1월 27, 2022 14:18:52.04 [1104:3272:0127/141852.037:ERROR:chrome_browser_main_extra_parts_metrics.cc(239)] END: GetDefaultBrowser()
1월 27, 2022 14:18:52.05 [1104:7780:0127/141852.043:ERROR:device_event_log_impl.cc(214)] [14:18:52.044] Bluetooth: bluetooth_adapter_winrt.cc:1075 Getting Default Adapter failed.
1월 27, 2022 16:21:14.44 [5700:9160:0127/162114.448:ERROR:chrome_browser_main_extra_parts_metrics.cc(227)] START: ReportBluetoothAvailability(). If you don't see the END: message, this is crbug.com/1216328.
1월 27, 2022 16:21:14.44 [5700:9160:0127/162114.448:ERROR:chrome_browser_main_extra_parts_metrics.cc(230)] END: ReportBluetoothAvailability()
1월 27, 2022 16:21:14.44 [5700:9160:0127/162114.448:ERROR:chrome_browser_main_extra_parts_metrics.cc(235)] START: GetDefaultBrowser(). If you don't see the END: message, this is crbug.com/1216328.
1월 27, 2022 16:21:14.44 [5700:9160:0127/162114.449:ERROR:chrome_browser_main_extra_parts_metrics.cc(239)] END: GetDefaultBrowser()
1월 27, 2022 16:21:14.45 [5700:4848:0127/162114.459:ERROR:device_event_log_impl.cc(214)] [16:21:14.459] Bluetooth: bluetooth_adapter_winrt.cc:1075 Getting Default Adapter failed.

2월 04, 2022 11:45:58.30 NEW SESSION
2월 04, 2022 11:45:58.30 [4600:6388:0204/114558.303:ERROR:chrome_browser_main_extra_parts_metrics.cc(227)] START: ReportBluetoothAvailability(). If you don't see the END: message, this is crbug.com/1216328.
2월 04, 2022 11:45:58.31 [4600:6388:0204/114558.303:ERROR:chrome_browser_main_extra_parts_metrics.cc(230)] END: ReportBluetoothAvailability()
2월 04, 2022 11:45:58.31 [4600:6388:0204/114558.303:ERROR:chrome_browser_main_extra_parts_metrics.cc(235)] START: GetDefaultBrowser(). If you don't see the END: message, this is crbug.com/1216328.
2월 04, 2022 11:45:58.31 [4600:6388:0204/114558.305:ERROR:chrome_browser_main_extra_parts_metrics.cc(239)] END: GetDefaultBrowser()
2월 04, 2022 11:45:58.31 [4600:10096:0204/114558.313:ERROR:device_event_log_impl.cc(214)] [11:45:58.313] Bluetooth: bluetooth_adapter_winrt.cc:1075 Getting Default Adapter failed.

2월 07, 2022 09:44:54.09 NEW SESSION
2월 07, 2022 09:44:54.09 [8708:1176:0207/094454.089:ERROR:chrome_browser_main_extra_parts_metrics.cc(227)] START: ReportBluetoothAvailability(). If you don't see the END: message, this is crbug.com/1216328.
2월 07, 2022 09:44:54.10 [8708:1176:0207/094454.089:ERROR:chrome_browser_main_extra_parts_metrics.cc(230)] END: ReportBluetoothAvailability()
2월 07, 2022 09:44:54.10 [8708:1176:0207/094454.089:ERROR:chrome_browser_main_extra_parts_metrics.cc(235)] START: GetDefaultBrowser(). If you don't see the END: message, this is crbug.com/1216328.
2월 07, 2022 09:44:54.10 [8708:1176:0207/094454.093:ERROR:chrome_browser_main_extra_parts_metrics.cc(239)] END: GetDefaultBrowser()
2월 07, 2022 09:44:54.12 [8708:11180:0207/094454.124:ERROR:device_event_log_impl.cc(214)] [09:44:54.124] Bluetooth: bluetooth_adapter_winrt.cc:1075 Getting Default Adapter failed.
2월 07, 2022 11:31:40.95 [6720:9908:0207/113140.958:ERROR:chrome_browser_main_extra_parts_metrics.cc(227)] START: ReportBluetoothAvailability(). If you don't see the END: message, this is crbug.com/1216328.
2월 07, 2022 11:31:40.95 [6720:9908:0207/113140.958:ERROR:chrome_browser_main_extra_parts_metrics.cc(230)] END: ReportBluetoothAvailability()
2월 07, 2022 11:31:40.96 [6720:9908:0207/113140.958:ERROR:chrome_browser_main_extra_parts_metrics.cc(235)] START: GetDefaultBrowser(). If you don't see the END: message, this is crbug.com/1216328.
2월 07, 2022 11:31:40.96 [6720:9908:0207/113140.962:ERROR:chrome_browser_main_extra_parts_metrics.cc(239)] END: GetDefaultBrowser()
2월 07, 2022 11:31:40.99 [6720:3964:0207/113140.995:ERROR:device_event_log_impl.cc(214)] [11:31:40.995] Bluetooth: bluetooth_adapter_winrt.cc:1075 Getting Default Adapter failed.

2월 08, 2022 09:39:22.79 NEW SESSION
2월 08, 2022 09:39:22.79 [3044:5768:0208/093922.795:ERROR:chrome_browser_main_extra_parts_metrics.cc(227)] START: ReportBluetoothAvailability(). If you don't see the END: message, this is crbug.com/1216328.
2월 08, 2022 09:39:22.80 [3044:5768:0208/093922.795:ERROR:chrome_browser_main_extra_parts_metrics.cc(230)] END: ReportBluetoothAvailability()
2월 08, 2022 09:39:22.80 [3044:5768:0208/093922.796:ERROR:chrome_browser_main_extra_parts_metrics.cc(235)] START: GetDefaultBrowser(). If you don't see the END: message, this is crbug.com/1216328.
2월 08, 2022 09:39:22.80 [3044:5768:0208/093922.798:ERROR:chrome_browser_main_extra_parts_metrics.cc(239)] END: GetDefaultBrowser()
2월 08, 2022 09:39:22.84 [3044:8964:0208/093922.849:ERROR:device_event_log_impl.cc(214)] [09:39:22.849] Bluetooth: bluetooth_adapter_winrt.cc:1075 Getting Default Adapter failed.
2월 08, 2022 12:35:29.04 [3044:8964:0208/123529.049:ERROR:CONSOLE(0)] "Blocked script execution in 'data:text/html,%3C!DOCTYPE%20html%3E%0D%0A%3Chtml%3E%0D%0A%3Chead%3E%0D%0A%3Cmeta%20charset=%22utf-8%22%3E%0D%0A%3Ctitle%3EAjax%3C/title%3E%0D%0A%3Cscript%20src=%22https://code.jquery.com/jquery-3.4.1.js%22%3E%3C/script%3E%0D%0A%3Cscript%3E%0D%0A%09$(document).ready(function()%20%7B%0D%0A%09%09%0D%0A//%20%09%09document.getElementById(%22member%22).onsubmit%20=%20function()%20%7B%0D%0A//%20%09%09document.member.onsubmit%20=%20function()%20%7B%0D%0A//%20%09%09%7D%20//onsubit%0D%0A%09%09%0D%0A//%20%09%09$(%22...%3E%0D%0A%09%09%09%09%09%3Ctd%20colspan=%222%22%3E%0D%0A%09%09%09%09%09%09%3Cinput%20type=%22submit%22%20value=%22%ED%99%95%EC%9D%B8%22%20style=%22margin-top:%2010px;%22%20/%3E%0D%0A%09%09%09%09%09%09%3Cinput%20type=%22reset%22%20%20value=%22%EC%B7%A8%EC%86%8C%22%20style=%22margin-top:%2010px;%22%20/%3E%0D%0A%09%09%09%09%09%3C/td%3E%0D%0A%09%09%09%09%3C/tr%3E%0D%0A%09%09%09%3C/table%3E%0D%0A%09%09%3C/fieldset%3E%0D%0A%09%3C/form%3E%0D%0A%09%3Ch1%20id=%22txt%22%3E%3C/h1%3E%0D%0A%3C/body%3E%0D%0A%3C/html%3E' because the document's frame is sandboxed and the 'allow-scripts' permission is not set.", source: data:text/html,%3C!DOCTYPE%20html%3E%0D%0A%3Chtml%3E%0D%0A%3Chead%3E%0D%0A%3Cmeta%20charset=%22utf-8%22%3E%0D%0A%3Ctitle%3EAjax%3C/title%3E%0D%0A%3Cscript%20src=%22https://code.jquery.com/jquery-3.4.1.js%22%3E%3C/script%3E%0D%0A%3Cscript%3E%0D%0A%09$(document).ready(function()%20%7B%0D%0A%09%09%0D%0A//%20%09%09document.getElementById(%22member%22).onsubmit%20=%20function()%20%7B%0D%0A//%20%09%09document.member.onsubmit%20=%20function()%20%7B%0D%0A//%20%09%09%7D%20//onsubit%0D%0A%09%09%0D%0A//%20%09%09$(%22%23member%22).submit(function()%20%7B%0D%0A//%20%09%09$(%22%23member%22).on(%22submit%22,%20function()%20%7B%0D%0A%09%09%09%0D%0A//%20%09%09%7D);%20//submit%0D%0A%09%09%09%0D%0A%09%09document.getElementById(%22%23member%22).onsubmit%20=%20function()%20%7B%0D%0A%09%09%09%0D%0A%09%09%09$.ajax(%7B%0D%0A%09%09%09%09%0D%0A%09%09%09%09url:%20%22data/serialize.jsp%22,%0D%0A%09%09%09%09%0D%0A%09%09%09%09data%20:%20%7B%0D%0A%09%09%09%09%09name%20:%20$(%22%23name%22).val(),%20//%EC%84%B8%EB%AF%B8%EC%BD%9C%EB%A1%A0%20%EC%97%86%EC%9D%8C,%20%EC%BB%B4%EB%A7%88%EB%A1%9C%20%EA%B5%AC%EB%B6%84%0D%0A%09%09%09%09%09tel%20:%20$(%22%23tel%22).val()%20//%EC%84%B8%EB%AF%B8%EC%BD%9C%EB%A1%A0%20%EC%97%86%EC%9D%8C%0D%0A%09%09%09%09%7D,%20//data%0D%0A%09%09%09%09%0D%0A%09%09%09%09success:%20function(result)%20%7B%0D%0A%09%09%09%09%09$(%22%23txt%22).text(result);%0D%0A%09%09%09%09%7D%0D%0A%09%09%09%09%0D%0A%09%09%09%7D);%20//ajax%0D%0A%09%0D%0A%09%09%09return%20false;%20//action%20page%EB%A1%9C%20%EC%A0%84%ED%99%98%EB%90%98%EB%8A%94%EA%B2%83%EC%9D%84%20%EC%B0%A8%EB%8B%A8%0D%0A%09%09%7D;%20//onsubmit%0D%0A%09%09%0D%0A%09%09%0D%0A%09%7D);%20//ready%0D%0A%3C/script%3E%0D%0A%3C/head%3E%0D%0A%0D%0A%3Cbody%3E%0D%0A%09%3Cform%20action=%22%23%22%20method=%22get%22%20name=%22member%22%20id=%22member%22%20style=%22width:%20310px;%22%3E%0D%0A%09%09%3Cfieldset%3E%0D%0A%09%09%09%3Clegend%3E%ED%9A%8C%EC%9B%90%EA%B0%80%EC%9E%85%3C/legend%3E%0D%0A%09%09%09%3Ctable%3E%0D%0A%09%09%09%09%3Ctr%3E%0D%0A%09%09%09%09%09%3Ctd%3E%3Clabel%20for=%22name%22%3E%EC%9D%B4%EB%A6%84%3C/label%3E%3C/td%3E%0D%0A%09%09%09%09%09%3Ctd%3E%3Cinput%20type=%22text%22%20name=%22name%22%20id=%22name%22%20/%3E%3C/td%3E%0D%0A%09%09%09%09%3C/tr%3E%0D%0A%09%09%09%09%3Ctr%3E%0D%0A%09%09%09%09%09%3Ctd%3E%3Clabel%20for=%22tel%22%3E%EC%A0%84%ED%99%94%EB%B2%88%ED%98%B8%3C/label%3E%3C/td%3E%0D%0A%09%09%09%09%09%3Ctd%3E%3Cinput%20type=%22text%22%20name=%22tel%22%20id=%22tel%22%20/%3E%3C/td%3E%0D%0A%09%09%09%09%3C/tr%3E%0D%0A%09%09%09%09%3Ctr%20style=%22text-align:%20center;%22%3E%0D%0A%09%09%09%09%09%3Ctd%20colspan=%222%22%3E%0D%0A%09%09%09%09%09%09%3Cinput%20type=%22submit%22%20value=%22%ED%99%95%EC%9D%B8%22%20style=%22margin-top:%2010px;%22%20/%3E%0D%0A%09%09%09%09%09%09%3Cinput%20type=%22reset%22%20%20value=%22%EC%B7%A8%EC%86%8C%22%20style=%22margin-top:%2010px;%22%20/%3E%0D%0A%09%09%09%09%09%3C/td%3E%0D%0A%09%09%09%09%3C/tr%3E%0D%0A%09%09%09%3C/table%3E%0D%0A%09%09%3C/fieldset%3E%0D%0A%09%3C/form%3E%0D%0A%09%3Ch1%20id=%22txt%22%3E%3C/h1%3E%0D%0A%3C/body%3E%0D%0A%3C/html%3E (0)
2월 08, 2022 12:35:29.05 [3044:8964:0208/123529.049:ERROR:CONSOLE(0)] "Blocked script execution in 'data:text/html,%3C!DOCTYPE%20html%3E%0D%0A%3Chtml%3E%0D%0A%3Chead%3E%0D%0A%3Cmeta%20charset=%22utf-8%22%3E%0D%0A%3Ctitle%3EAjax%3C/title%3E%0D%0A%3Cscript%20src=%22https://code.jquery.com/jquery-3.4.1.js%22%3E%3C/script%3E%0D%0A%3Cscript%3E%0D%0A%09$(document).ready(function()%20%7B%0D%0A%09%09%0D%0A//%20%09%09document.getElementById(%22member%22).onsubmit%20=%20function()%20%7B%0D%0A//%20%09%09document.member.onsubmit%20=%20function()%20%7B%0D%0A//%20%09%09%7D%20//onsubit%0D%0A%09%09%0D%0A//%20%09%09$(%22...%3E%0D%0A%09%09%09%09%09%3Ctd%20colspan=%222%22%3E%0D%0A%09%09%09%09%09%09%3Cinput%20type=%22submit%22%20value=%22%ED%99%95%EC%9D%B8%22%20style=%22margin-top:%2010px;%22%20/%3E%0D%0A%09%09%09%09%09%09%3Cinput%20type=%22reset%22%20%20value=%22%EC%B7%A8%EC%86%8C%22%20style=%22margin-top:%2010px;%22%20/%3E%0D%0A%09%09%09%09%09%3C/td%3E%0D%0A%09%09%09%09%3C/tr%3E%0D%0A%09%09%09%3C/table%3E%0D%0A%09%09%3C/fieldset%3E%0D%0A%09%3C/form%3E%0D%0A%09%3Ch1%20id=%22txt%22%3E%3C/h1%3E%0D%0A%3C/body%3E%0D%0A%3C/html%3E' because the document's frame is sandboxed and the 'allow-scripts' permission is not set.", source: data:text/html,%3C!DOCTYPE%20html%3E%0D%0A%3Chtml%3E%0D%0A%3Chead%3E%0D%0A%3Cmeta%20charset=%22utf-8%22%3E%0D%0A%3Ctitle%3EAjax%3C/title%3E%0D%0A%3Cscript%20src=%22https://code.jquery.com/jquery-3.4.1.js%22%3E%3C/script%3E%0D%0A%3Cscript%3E%0D%0A%09$(document).ready(function()%20%7B%0D%0A%09%09%0D%0A//%20%09%09document.getElementById(%22member%22).onsubmit%20=%20function()%20%7B%0D%0A//%20%09%09document.member.onsubmit%20=%20function()%20%7B%0D%0A//%20%09%09%7D%20//onsubit%0D%0A%09%09%0D%0A//%20%09%09$(%22%23member%22).submit(function()%20%7B%0D%0A//%20%09%09$(%22%23member%22).on(%22submit%22,%20function()%20%7B%0D%0A%09%09%09%0D%0A//%20%09%09%7D);%20//submit%0D%0A%09%09%09%0D%0A%09%09document.getElementById(%22%23member%22).onsubmit%20=%20function()%20%7B%0D%0A%09%09%09%0D%0A%09%09%09$.ajax(%7B%0D%0A%09%09%09%09%0D%0A%09%09%09%09url:%20%22data/serialize.jsp%22,%0D%0A%09%09%09%09%0D%0A%09%09%09%09data%20:%20%7B%0D%0A%09%09%09%09%09name%20:%20$(%22%23name%22).val(),%20//%EC%84%B8%EB%AF%B8%EC%BD%9C%EB%A1%A0%20%EC%97%86%EC%9D%8C,%20%EC%BB%B4%EB%A7%88%EB%A1%9C%20%EA%B5%AC%EB%B6%84%0D%0A%09%09%09%09%09tel%20:%20$(%22%23tel%22).val()%20//%EC%84%B8%EB%AF%B8%EC%BD%9C%EB%A1%A0%20%EC%97%86%EC%9D%8C%0D%0A%09%09%09%09%7D,%20//data%0D%0A%09%09%09%09%0D%0A%09%09%09%09success:%20function(result)%20%7B%0D%0A%09%09%09%09%09$(%22%23txt%22).text(result);%0D%0A%09%09%09%09%7D%0D%0A%09%09%09%09%0D%0A%09%09%09%7D);%20//ajax%0D%0A%09%0D%0A%09%09%09return%20false;%20//action%20page%EB%A1%9C%20%EC%A0%84%ED%99%98%EB%90%98%EB%8A%94%EA%B2%83%EC%9D%84%20%EC%B0%A8%EB%8B%A8%0D%0A%09%09%7D;%20//onsubmit%0D%0A%09%09%0D%0A%09%09%0D%0A%09%7D);%20//ready%0D%0A%3C/script%3E%0D%0A%3C/head%3E%0D%0A%0D%0A%3Cbody%3E%0D%0A%09%3Cform%20action=%22%23%22%20method=%22get%22%20name=%22member%22%20id=%22member%22%20style=%22width:%20310px;%22%3E%0D%0A%09%09%3Cfieldset%3E%0D%0A%09%09%09%3Clegend%3E%ED%9A%8C%EC%9B%90%EA%B0%80%EC%9E%85%3C/legend%3E%0D%0A%09%09%09%3Ctable%3E%0D%0A%09%09%09%09%3Ctr%3E%0D%0A%09%09%09%09%09%3Ctd%3E%3Clabel%20for=%22name%22%3E%EC%9D%B4%EB%A6%84%3C/label%3E%3C/td%3E%0D%0A%09%09%09%09%09%3Ctd%3E%3Cinput%20type=%22text%22%20name=%22name%22%20id=%22name%22%20/%3E%3C/td%3E%0D%0A%09%09%09%09%3C/tr%3E%0D%0A%09%09%09%09%3Ctr%3E%0D%0A%09%09%09%09%09%3Ctd%3E%3Clabel%20for=%22tel%22%3E%EC%A0%84%ED%99%94%EB%B2%88%ED%98%B8%3C/label%3E%3C/td%3E%0D%0A%09%09%09%09%09%3Ctd%3E%3Cinput%20type=%22text%22%20name=%22tel%22%20id=%22tel%22%20/%3E%3C/td%3E%0D%0A%09%09%09%09%3C/tr%3E%0D%0A%09%09%09%09%3Ctr%20style=%22text-align:%20center;%22%3E%0D%0A%09%09%09%09%09%3Ctd%20colspan=%222%22%3E%0D%0A%09%09%09%09%09%09%3Cinput%20type=%22submit%22%20value=%22%ED%99%95%EC%9D%B8%22%20style=%22margin-top:%2010px;%22%20/%3E%0D%0A%09%09%09%09%09%09%3Cinput%20type=%22reset%22%20%20value=%22%EC%B7%A8%EC%86%8C%22%20style=%22margin-top:%2010px;%22%20/%3E%0D%0A%09%09%09%09%09%3C/td%3E%0D%0A%09%09%09%09%3C/tr%3E%0D%0A%09%09%09%3C/table%3E%0D%0A%09%09%3C/fieldset%3E%0D%0A%09%3C/form%3E%0D%0A%09%3Ch1%20id=%22txt%22%3E%3C/h1%3E%0D%0A%3C/body%3E%0D%0A%3C/html%3E (0)
2월 08, 2022 12:35:52.66 [3044:8964:0208/123552.666:ERROR:CONSOLE(0)] "Blocked script execution in 'data:text/html,%3C!DOCTYPE%20html%3E%0D%0A%3Chtml%3E%0D%0A%3Chead%3E%0D%0A%3Cmeta%20charset=%22utf-8%22%3E%0D%0A%3Ctitle%3EAjax%3C/title%3E%0D%0A%3Cscript%20src=%22https://code.jquery.com/jquery-3.4.1.js%22%3E%3C/script%3E%0D%0A%3Cscript%3E%0D%0A%09$(document).ready(function()%20%7B%0D%0A%09%09%0D%0A//%20%09%09document.getElementById(%22member%22).onsubmit%20=%20function()%20%7B%0D%0A//%20%09%09document.member.onsubmit%20=%20function()%20%7B%0D%0A//%20%09%09%7D%20//onsubit%0D%0A%09%09%0D%0A//%20%09%09$(%22...%3E%0D%0A%09%09%09%09%09%3Ctd%20colspan=%222%22%3E%0D%0A%09%09%09%09%09%09%3Cinput%20type=%22submit%22%20value=%22%ED%99%95%EC%9D%B8%22%20style=%22margin-top:%2010px;%22%20/%3E%0D%0A%09%09%09%09%09%09%3Cinput%20type=%22reset%22%20%20value=%22%EC%B7%A8%EC%86%8C%22%20style=%22margin-top:%2010px;%22%20/%3E%0D%0A%09%09%09%09%09%3C/td%3E%0D%0A%09%09%09%09%3C/tr%3E%0D%0A%09%09%09%3C/table%3E%0D%0A%09%09%3C/fieldset%3E%0D%0A%09%3C/form%3E%0D%0A%09%3Ch1%20id=%22txt%22%3E%3C/h1%3E%0D%0A%3C/body%3E%0D%0A%3C/html%3E' because the document's frame is sandboxed and the 'allow-scripts' permission is not set.", source: data:text/html,%3C!DOCTYPE%20html%3E%0D%0A%3Chtml%3E%0D%0A%3Chead%3E%0D%0A%3Cmeta%20charset=%22utf-8%22%3E%0D%0A%3Ctitle%3EAjax%3C/title%3E%0D%0A%3Cscript%20src=%22https://code.jquery.com/jquery-3.4.1.js%22%3E%3C/script%3E%0D%0A%3Cscript%3E%0D%0A%09$(document).ready(function()%20%7B%0D%0A%09%09%0D%0A//%20%09%09document.getElementById(%22member%22).onsubmit%20=%20function()%20%7B%0D%0A//%20%09%09document.member.onsubmit%20=%20function()%20%7B%0D%0A//%20%09%09%7D%20//onsubit%0D%0A%09%09%0D%0A//%20%09%09$(%22%23member%22).submit(function()%20%7B%0D%0A//%20%09%09$(%22%23member%22).on(%22submit%22,%20function()%20%7B%0D%0A%09%09%09%0D%0A//%20%09%09%7D);%20//submit%0D%0A%09%09%09%0D%0A%09%09document.getElementById(%22%23member%22).onsubmit%20=%20function()%20%7B%0D%0A%09%09%09%0D%0A%09%09%09$.ajax(%7B%0D%0A%09%09%09%09%0D%0A%09%09%09%09url:%20%22data/serialize.jsp%22,%0D%0A%09%09%09%09%0D%0A%09%09%09%09data%20:%20%7B%0D%0A%09%09%09%09%09name%20:%20$(%22%23name%22).val(),%20//%EC%84%B8%EB%AF%B8%EC%BD%9C%EB%A1%A0%20%EC%97%86%EC%9D%8C,%20%EC%BB%B4%EB%A7%88%EB%A1%9C%20%EA%B5%AC%EB%B6%84%0D%0A%09%09%09%09%09tel%20:%20$(%22%23tel%22).val()%20//%EC%84%B8%EB%AF%B8%EC%BD%9C%EB%A1%A0%20%EC%97%86%EC%9D%8C%0D%0A%09%09%09%09%7D,%20//data%0D%0A%09%09%09%09%0D%0A%09%09%09%09success:%20function(result)%20%7B%0D%0A%09%09%09%09%09$(%22%23txt%22).text(result);%0D%0A%09%09%09%09%7D%0D%0A%09%09%09%09%0D%0A%09%09%09%7D);%20//ajax%0D%0A%09%0D%0A%09%09%09return%20false;%20//action%20page%EB%A1%9C%20%EC%A0%84%ED%99%98%EB%90%98%EB%8A%94%EA%B2%83%EC%9D%84%20%EC%B0%A8%EB%8B%A8%0D%0A%09%09%7D;%20//onsubmit%0D%0A%09%09%0D%0A%09%09%0D%0A%09%7D);%20//ready%0D%0A%3C/script%3E%0D%0A%3C/head%3E%0D%0A%0D%0A%3Cbody%3E%0D%0A%09%3Cform%20action=%22%23%22%20method=%22get%22%20name=%22member%22%20id=%22member%22%20style=%22width:%20310px;%22%3E%0D%0A%09%09%3Cfieldset%3E%0D%0A%09%09%09%3Clegend%3E%ED%9A%8C%EC%9B%90%EA%B0%80%EC%9E%85%3C/legend%3E%0D%0A%09%09%09%3Ctable%3E%0D%0A%09%09%09%09%3Ctr%3E%0D%0A%09%09%09%09%09%3Ctd%3E%3Clabel%20for=%22name%22%3E%EC%9D%B4%EB%A6%84%3C/label%3E%3C/td%3E%0D%0A%09%09%09%09%09%3Ctd%3E%3Cinput%20type=%22text%22%20name=%22name%22%20id=%22name%22%20/%3E%3C/td%3E%0D%0A%09%09%09%09%3C/tr%3E%0D%0A%09%09%09%09%3Ctr%3E%0D%0A%09%09%09%09%09%3Ctd%3E%3Clabel%20for=%22tel%22%3E%EC%A0%84%ED%99%94%EB%B2%88%ED%98%B8%3C/label%3E%3C/td%3E%0D%0A%09%09%09%09%09%3Ctd%3E%3Cinput%20type=%22text%22%20name=%22tel%22%20id=%22tel%22%20/%3E%3C/td%3E%0D%0A%09%09%09%09%3C/tr%3E%0D%0A%09%09%09%09%3Ctr%20style=%22text-align:%20center;%22%3E%0D%0A%09%09%09%09%09%3Ctd%20colspan=%222%22%3E%0D%0A%09%09%09%09%09%09%3Cinput%20type=%22submit%22%20value=%22%ED%99%95%EC%9D%B8%22%20style=%22margin-top:%2010px;%22%20/%3E%0D%0A%09%09%09%09%09%09%3Cinput%20type=%22reset%22%20%20value=%22%EC%B7%A8%EC%86%8C%22%20style=%22margin-top:%2010px;%22%20/%3E%0D%0A%09%09%09%09%09%3C/td%3E%0D%0A%09%09%09%09%3C/tr%3E%0D%0A%09%09%09%3C/table%3E%0D%0A%09%09%3C/fieldset%3E%0D%0A%09%3C/form%3E%0D%0A%09%3Ch1%20id=%22txt%22%3E%3C/h1%3E%0D%0A%3C/body%3E%0D%0A%3C/html%3E (0)
2월 08, 2022 12:35:52.66 [3044:8964:0208/123552.666:ERROR:CONSOLE(0)] "Blocked script execution in 'data:text/html,%3C!DOCTYPE%20html%3E%0D%0A%3Chtml%3E%0D%0A%3Chead%3E%0D%0A%3Cmeta%20charset=%22utf-8%22%3E%0D%0A%3Ctitle%3EAjax%3C/title%3E%0D%0A%3Cscript%20src=%22https://code.jquery.com/jquery-3.4.1.js%22%3E%3C/script%3E%0D%0A%3Cscript%3E%0D%0A%09$(document).ready(function()%20%7B%0D%0A%09%09%0D%0A//%20%09%09document.getElementById(%22member%22).onsubmit%20=%20function()%20%7B%0D%0A//%20%09%09document.member.onsubmit%20=%20function()%20%7B%0D%0A//%20%09%09%7D%20//onsubit%0D%0A%09%09%0D%0A//%20%09%09$(%22...%3E%0D%0A%09%09%09%09%09%3Ctd%20colspan=%222%22%3E%0D%0A%09%09%09%09%09%09%3Cinput%20type=%22submit%22%20value=%22%ED%99%95%EC%9D%B8%22%20style=%22margin-top:%2010px;%22%20/%3E%0D%0A%09%09%09%09%09%09%3Cinput%20type=%22reset%22%20%20value=%22%EC%B7%A8%EC%86%8C%22%20style=%22margin-top:%2010px;%22%20/%3E%0D%0A%09%09%09%09%09%3C/td%3E%0D%0A%09%09%09%09%3C/tr%3E%0D%0A%09%09%09%3C/table%3E%0D%0A%09%09%3C/fieldset%3E%0D%0A%09%3C/form%3E%0D%0A%09%3Ch1%20id=%22txt%22%3E%3C/h1%3E%0D%0A%3C/body%3E%0D%0A%3C/html%3E' because the document's frame is sandboxed and the 'allow-scripts' permission is not set.", source: data:text/html,%3C!DOCTYPE%20html%3E%0D%0A%3Chtml%3E%0D%0A%3Chead%3E%0D%0A%3Cmeta%20charset=%22utf-8%22%3E%0D%0A%3Ctitle%3EAjax%3C/title%3E%0D%0A%3Cscript%20src=%22https://code.jquery.com/jquery-3.4.1.js%22%3E%3C/script%3E%0D%0A%3Cscript%3E%0D%0A%09$(document).ready(function()%20%7B%0D%0A%09%09%0D%0A//%20%09%09document.getElementById(%22member%22).onsubmit%20=%20function()%20%7B%0D%0A//%20%09%09document.member.onsubmit%20=%20function()%20%7B%0D%0A//%20%09%09%7D%20//onsubit%0D%0A%09%09%0D%0A//%20%09%09$(%22%23member%22).submit(function()%20%7B%0D%0A//%20%09%09$(%22%23member%22).on(%22submit%22,%20function()%20%7B%0D%0A%09%09%09%0D%0A//%20%09%09%7D);%20//submit%0D%0A%09%09%09%0D%0A%09%09document.getElementById(%22%23member%22).onsubmit%20=%20function()%20%7B%0D%0A%09%09%09%0D%0A%09%09%09$.ajax(%7B%0D%0A%09%09%09%09%0D%0A%09%09%09%09url:%20%22data/serialize.jsp%22,%0D%0A%09%09%09%09%0D%0A%09%09%09%09data%20:%20%7B%0D%0A%09%09%09%09%09name%20:%20$(%22%23name%22).val(),%20//%EC%84%B8%EB%AF%B8%EC%BD%9C%EB%A1%A0%20%EC%97%86%EC%9D%8C,%20%EC%BB%B4%EB%A7%88%EB%A1%9C%20%EA%B5%AC%EB%B6%84%0D%0A%09%09%09%09%09tel%20:%20$(%22%23tel%22).val()%20//%EC%84%B8%EB%AF%B8%EC%BD%9C%EB%A1%A0%20%EC%97%86%EC%9D%8C%0D%0A%09%09%09%09%7D,%20//data%0D%0A%09%09%09%09%0D%0A%09%09%09%09success:%20function(result)%20%7B%0D%0A%09%09%09%09%09$(%22%23txt%22).text(result);%0D%0A%09%09%09%09%7D%0D%0A%09%09%09%09%0D%0A%09%09%09%7D);%20//ajax%0D%0A%09%0D%0A%09%09%09return%20false;%20//action%20page%EB%A1%9C%20%EC%A0%84%ED%99%98%EB%90%98%EB%8A%94%EA%B2%83%EC%9D%84%20%EC%B0%A8%EB%8B%A8%0D%0A%09%09%7D;%20//onsubmit%0D%0A%09%09%0D%0A%09%09%0D%0A%09%7D);%20//ready%0D%0A%3C/script%3E%0D%0A%3C/head%3E%0D%0A%0D%0A%3Cbody%3E%0D%0A%09%3Cform%20action=%22%23%22%20method=%22get%22%20name=%22member%22%20id=%22member%22%20style=%22width:%20310px;%22%3E%0D%0A%09%09%3Cfieldset%3E%0D%0A%09%09%09%3Clegend%3E%ED%9A%8C%EC%9B%90%EA%B0%80%EC%9E%85%3C/legend%3E%0D%0A%09%09%09%3Ctable%3E%0D%0A%09%09%09%09%3Ctr%3E%0D%0A%09%09%09%09%09%3Ctd%3E%3Clabel%20for=%22name%22%3E%EC%9D%B4%EB%A6%84%3C/label%3E%3C/td%3E%0D%0A%09%09%09%09%09%3Ctd%3E%3Cinput%20type=%22text%22%20name=%22name%22%20id=%22name%22%20/%3E%3C/td%3E%0D%0A%09%09%09%09%3C/tr%3E%0D%0A%09%09%09%09%3Ctr%3E%0D%0A%09%09%09%09%09%3Ctd%3E%3Clabel%20for=%22tel%22%3E%EC%A0%84%ED%99%94%EB%B2%88%ED%98%B8%3C/label%3E%3C/td%3E%0D%0A%09%09%09%09%09%3Ctd%3E%3Cinput%20type=%22text%22%20name=%22tel%22%20id=%22tel%22%20/%3E%3C/td%3E%0D%0A%09%09%09%09%3C/tr%3E%0D%0A%09%09%09%09%3Ctr%20style=%22text-align:%20center;%22%3E%0D%0A%09%09%09%09%09%3Ctd%20colspan=%222%22%3E%0D%0A%09%09%09%09%09%09%3Cinput%20type=%22submit%22%20value=%22%ED%99%95%EC%9D%B8%22%20style=%22margin-top:%2010px;%22%20/%3E%0D%0A%09%09%09%09%09%09%3Cinput%20type=%22reset%22%20%20value=%22%EC%B7%A8%EC%86%8C%22%20style=%22margin-top:%2010px;%22%20/%3E%0D%0A%09%09%09%09%09%3C/td%3E%0D%0A%09%09%09%09%3C/tr%3E%0D%0A%09%09%09%3C/table%3E%0D%0A%09%09%3C/fieldset%3E%0D%0A%09%3C/form%3E%0D%0A%09%3Ch1%20id=%22txt%22%3E%3C/h1%3E%0D%0A%3C/body%3E%0D%0A%3C/html%3E (0)

2월 09, 2022 10:00:45.58 NEW SESSION
2월 09, 2022 10:00:45.58 [5056:7388:0209/100045.579:ERROR:chrome_browser_main_extra_parts_metrics.cc(227)] START: ReportBluetoothAvailability(). If you don't see the END: message, this is crbug.com/1216328.
2월 09, 2022 10:00:45.58 [5056:7388:0209/100045.579:ERROR:chrome_browser_main_extra_parts_metrics.cc(230)] END: ReportBluetoothAvailability()
2월 09, 2022 10:00:45.58 [5056:7388:0209/100045.579:ERROR:chrome_browser_main_extra_parts_metrics.cc(235)] START: GetDefaultBrowser(). If you don't see the END: message, this is crbug.com/1216328.
2월 09, 2022 10:00:45.58 [5056:7388:0209/100045.580:ERROR:chrome_browser_main_extra_parts_metrics.cc(239)] END: GetDefaultBrowser()
2월 09, 2022 10:00:45.61 [5056:5764:0209/100045.612:ERROR:device_event_log_impl.cc(214)] [10:00:45.612] Bluetooth: bluetooth_adapter_winrt.cc:1075 Getting Default Adapter failed.

2월 17, 2022 14:14:18.52 NEW SESSION
2월 17, 2022 14:14:18.52 [2840:6876:0217/141418.518:ERROR:chrome_browser_main_extra_parts_metrics.cc(227)] START: ReportBluetoothAvailability(). If you don't see the END: message, this is crbug.com/1216328.
2월 17, 2022 14:14:18.52 [2840:6876:0217/141418.519:ERROR:chrome_browser_main_extra_parts_metrics.cc(230)] END: ReportBluetoothAvailability()
2월 17, 2022 14:14:18.52 [2840:6876:0217/141418.519:ERROR:chrome_browser_main_extra_parts_metrics.cc(235)] START: GetDefaultBrowser(). If you don't see the END: message, this is crbug.com/1216328.
2월 17, 2022 14:14:18.52 [2840:6876:0217/141418.520:ERROR:chrome_browser_main_extra_parts_metrics.cc(239)] END: GetDefaultBrowser()
2월 17, 2022 14:14:18.53 [2840:5720:0217/141418.530:ERROR:device_event_log_impl.cc(214)] [14:14:18.530] Bluetooth: bluetooth_adapter_winrt.cc:1075 Getting Default Adapter failed.
2월 17, 2022 14:36:02.97 [6860:5836:0217/143602.976:ERROR:chrome_browser_main_extra_parts_metrics.cc(227)] START: ReportBluetoothAvailability(). If you don't see the END: message, this is crbug.com/1216328.
2월 17, 2022 14:36:02.97 [6860:5836:0217/143602.976:ERROR:chrome_browser_main_extra_parts_metrics.cc(230)] END: ReportBluetoothAvailability()
2월 17, 2022 14:36:02.97 [6860:5836:0217/143602.976:ERROR:chrome_browser_main_extra_parts_metrics.cc(235)] START: GetDefaultBrowser(). If you don't see the END: message, this is crbug.com/1216328.
2월 17, 2022 14:36:02.97 [6860:5836:0217/143602.978:ERROR:chrome_browser_main_extra_parts_metrics.cc(239)] END: GetDefaultBrowser()
2월 17, 2022 14:36:02.98 [6860:9260:0217/143602.988:ERROR:device_event_log_impl.cc(214)] [14:36:02.988] Bluetooth: bluetooth_adapter_winrt.cc:1075 Getting Default Adapter failed.

2월 17, 2022 15:51:27.97 NEW SESSION
2월 17, 2022 15:51:27.97 [2164:1248:0217/155127.969:ERROR:chrome_browser_main_extra_parts_metrics.cc(227)] START: ReportBluetoothAvailability(). If you don't see the END: message, this is crbug.com/1216328.
2월 17, 2022 15:51:27.97 [2164:1248:0217/155127.969:ERROR:chrome_browser_main_extra_parts_metrics.cc(230)] END: ReportBluetoothAvailability()
2월 17, 2022 15:51:27.97 [2164:1248:0217/155127.969:ERROR:chrome_browser_main_extra_parts_metrics.cc(235)] START: GetDefaultBrowser(). If you don't see the END: message, this is crbug.com/1216328.
2월 17, 2022 15:51:27.97 [2164:1248:0217/155127.971:ERROR:chrome_browser_main_extra_parts_metrics.cc(239)] END: GetDefaultBrowser()
2월 17, 2022 15:51:27.98 [2164:1952:0217/155127.982:ERROR:device_event_log_impl.cc(214)] [15:51:27.982] Bluetooth: bluetooth_adapter_winrt.cc:1075 Getting Default Adapter failed.

2월 21, 2022 15:27:23.72 NEW SESSION
2월 21, 2022 15:27:23.72 [1632:4272:0221/152723.721:ERROR:chrome_browser_main_extra_parts_metrics.cc(227)] START: ReportBluetoothAvailability(). If you don't see the END: message, this is crbug.com/1216328.
2월 21, 2022 15:27:23.73 [1632:4272:0221/152723.721:ERROR:chrome_browser_main_extra_parts_metrics.cc(230)] END: ReportBluetoothAvailability()
2월 21, 2022 15:27:23.73 [1632:4272:0221/152723.721:ERROR:chrome_browser_main_extra_parts_metrics.cc(235)] START: GetDefaultBrowser(). If you don't see the END: message, this is crbug.com/1216328.
2월 21, 2022 15:27:23.73 [1632:4272:0221/152723.724:ERROR:chrome_browser_main_extra_parts_metrics.cc(239)] END: GetDefaultBrowser()
2월 21, 2022 15:27:23.74 [1632:5588:0221/152723.740:ERROR:device_event_log_impl.cc(214)] [15:27:23.740] Bluetooth: bluetooth_adapter_winrt.cc:1075 Getting Default Adapter failed.
2월 21, 2022 15:45:11.05 [4196:4644:0221/154511.055:ERROR:chrome_browser_main_extra_parts_metrics.cc(227)] START: ReportBluetoothAvailability(). If you don't see the END: message, this is crbug.com/1216328.
2월 21, 2022 15:45:11.05 [4196:4644:0221/154511.055:ERROR:chrome_browser_main_extra_parts_metrics.cc(230)] END: ReportBluetoothAvailability()
2월 21, 2022 15:45:11.05 [4196:4644:0221/154511.055:ERROR:chrome_browser_main_extra_parts_metrics.cc(235)] START: GetDefaultBrowser(). If you don't see the END: message, this is crbug.com/1216328.
2월 21, 2022 15:45:11.05 [4196:4644:0221/154511.056:ERROR:chrome_browser_main_extra_parts_metrics.cc(239)] END: GetDefaultBrowser()
2월 21, 2022 15:45:11.06 [4196:3908:0221/154511.066:ERROR:device_event_log_impl.cc(214)] [15:45:11.066] Bluetooth: bluetooth_adapter_winrt.cc:1075 Getting Default Adapter failed.
